0 info it worked if it ends with ok
1 verbose cli [ 'C:\\Program Files\\nodejs\\node.exe',
1 verbose cli   'C:\\Users\\George\\AppData\\Roaming\\npm\\node_modules\\npm\\bin\\npm-cli.js',
1 verbose cli   'start' ]
2 info using npm@3.8.1
3 info using node@v5.8.0
4 verbose run-script [ 'prestart', 'start', 'poststart' ]
5 info lifecycle genapp@0.0.1~prestart: genapp@0.0.1
6 silly lifecycle genapp@0.0.1~prestart: no script for prestart, continuing
7 info lifecycle genapp@0.0.1~start: genapp@0.0.1
8 verbose lifecycle genapp@0.0.1~start: unsafe-perm in lifecycle true
9 verbose lifecycle genapp@0.0.1~start: PATH: C:\Users\George\AppData\Roaming\npm\node_modules\npm\bin\node-gyp-bin;C:\Users\George\Source\Repos\Gen-App\node_modules\.bin;C:\Program Files\nodejs;C:\Users\George\AppData\Local\Programs\Git\cmd;C:\yotta\python\;C:\yotta\python\Scripts;C:\ProgramData\Oracle\Java\javapath;C:\WINDOWS\system32;C:\WINDOWS;C:\WINDOWS\System32\Wbem;C:\WINDOWS\System32\WindowsPowerShell\v1.0\;C:\Program Files (x86)\GtkSharp\2.12\bin;C:\Program Files\Microsoft SQL Server\120\Tools\Binn\;C:\Program Files\Microsoft\Web Platform Installer\;C:\Program Files (x86)\Nordic Semiconductor\nrf5x\bin\;C:\Program Files (x86)\Nordic Semiconductor\nrf51\bin\;C:\Program Files\Microsoft SQL Server\130\Tools\Binn\;C:\Program Files (x86)\Microsoft SQL Server\130\DTS\Binn\;C:\Program Files (x86)\Windows Kits\10\Windows Performance Toolkit\;C:\Program Files (x86)\Skype\Phone\;C:\Program Files\Git\cmd;C:\Program Files (x86)\PuTTY\;C:\Program Files\nodejs\;C:\RailsInstaller\Git\cmd;C:\RailsInstaller\Ruby2.2.0\bin;C:\Users\George\AppData\Roaming\Dashlane\4.0.1.98943\bin\Firefox_Extension\{442718d9-475e-452a-b3e1-fb1ee16b8e9f}\components;C:\Users\George\AppData\Roaming\Dashlane\4.1.0.99957\bin\Firefox_Extension\{442718d9-475e-452a-b3e1-fb1ee16b8e9f}\components;C:\Program Files (x86)\Microsoft VS Code\bin;C:\Users\George\AppData\Roaming\npm
10 verbose lifecycle genapp@0.0.1~start: CWD: C:\Users\George\Source\Repos\Gen-App
11 silly lifecycle genapp@0.0.1~start: Args: [ '/d /s /c', 'node index' ]
12 silly lifecycle genapp@0.0.1~start: Returned: code: 1  signal: null
13 info lifecycle genapp@0.0.1~start: Failed to exec start script
14 verbose stack Error: genapp@0.0.1 start: `node index`
14 verbose stack Exit status 1
14 verbose stack     at EventEmitter.<anonymous> (C:\Users\George\AppData\Roaming\npm\node_modules\npm\lib\utils\lifecycle.js:239:16)
14 verbose stack     at emitTwo (events.js:100:13)
14 verbose stack     at EventEmitter.emit (events.js:185:7)
14 verbose stack     at ChildProcess.<anonymous> (C:\Users\George\AppData\Roaming\npm\node_modules\npm\lib\utils\spawn.js:24:14)
14 verbose stack     at emitTwo (events.js:100:13)
14 verbose stack     at ChildProcess.emit (events.js:185:7)
14 verbose stack     at maybeClose (internal/child_process.js:850:16)
14 verbose stack     at Process.ChildProcess._handle.onexit (internal/child_process.js:215:5)
15 verbose pkgid genapp@0.0.1
16 verbose cwd C:\Users\George\Source\Repos\Gen-App
17 error Windows_NT 10.0.10586
18 error argv "C:\\Program Files\\nodejs\\node.exe" "C:\\Users\\George\\AppData\\Roaming\\npm\\node_modules\\npm\\bin\\npm-cli.js" "start"
19 error node v5.8.0
20 error npm  v3.8.1
21 error code ELIFECYCLE
22 error genapp@0.0.1 start: `node index`
22 error Exit status 1
23 error Failed at the genapp@0.0.1 start script 'node index'.
23 error Make sure you have the latest version of node.js and npm installed.
23 error If you do, this is most likely a problem with the genapp package,
23 error not with npm itself.
23 error Tell the author that this fails on your system:
23 error     node index
23 error You can get information on how to open an issue for this project with:
23 error     npm bugs genapp
23 error Or if that isn't available, you can get their info via:
23 error     npm owner ls genapp
23 error There is likely additional logging output above.
24 verbose exit [ 1, true ]
